[2026-06-18 17:07:52] Błąd 404: Strona o podanym adresie nie istnieje. w pliku  (linia 0)
[2026-06-18 17:07:52] Błąd 500: Undefined array key "APP_DEBUG" w pliku /var/www/html/app/Controllers/ErrorController.php (linia 30)
[2026-06-18 17:07:52] Błąd 500: Uncaught ErrorException: Undefined array key "APP_DEBUG" in /var/www/html/app/Controllers/ErrorController.php:30
Stack trace:
#0 /var/www/html/app/Controllers/ErrorController.php(30): App\Controllers\ErrorController->handleError(2, 'Undefined array...', '/var/www/html/a...', 30)
#1 /var/www/html/app/Controllers/ErrorController.php(44): App\Controllers\ErrorController->show(500, 'Undefined array...', '/var/www/html/a...', 30)
#2 [internal function]: App\Controllers\ErrorController->handleException(Object(ErrorException))
#3 {main}
  thrown w pliku /var/www/html/app/Controllers/ErrorController.php (linia 30)
[2026-06-18 17:08:03] Błąd 404: Nie znaleziono takiego użytkownika. w pliku  (linia 0)
[2026-06-18 17:08:03] Błąd 500: Undefined array key "APP_DEBUG" w pliku /var/www/html/app/Controllers/ErrorController.php (linia 30)
[2026-06-18 17:08:03] Błąd 500: Uncaught ErrorException: Undefined array key "APP_DEBUG" in /var/www/html/app/Controllers/ErrorController.php:30
Stack trace:
#0 /var/www/html/app/Controllers/ErrorController.php(30): App\Controllers\ErrorController->handleError(2, 'Undefined array...', '/var/www/html/a...', 30)
#1 /var/www/html/app/Controllers/ErrorController.php(44): App\Controllers\ErrorController->show(500, 'Undefined array...', '/var/www/html/a...', 30)
#2 [internal function]: App\Controllers\ErrorController->handleException(Object(ErrorException))
#3 {main}
  thrown w pliku /var/www/html/app/Controllers/ErrorController.php (linia 30)
[2026-06-18 17:08:11] Błąd 404: Nie znaleziono takiego użytkownika. w pliku  (linia 0)
[2026-06-18 17:08:11] Błąd 500: Undefined array key "APP_DEBUG" w pliku /var/www/html/app/Controllers/ErrorController.php (linia 30)
[2026-06-18 17:08:11] Błąd 500: Uncaught ErrorException: Undefined array key "APP_DEBUG" in /var/www/html/app/Controllers/ErrorController.php:30
Stack trace:
#0 /var/www/html/app/Controllers/ErrorController.php(30): App\Controllers\ErrorController->handleError(2, 'Undefined array...', '/var/www/html/a...', 30)
#1 /var/www/html/app/Controllers/ErrorController.php(44): App\Controllers\ErrorController->show(500, 'Undefined array...', '/var/www/html/a...', 30)
#2 [internal function]: App\Controllers\ErrorController->handleException(Object(ErrorException))
#3 {main}
  thrown w pliku /var/www/html/app/Controllers/ErrorController.php (linia 30)
[2026-06-18 17:10:59] Błąd 404: Strona o podanym adresie nie istnieje. w pliku  (linia 0)
[2026-06-18 17:10:59] Błąd 500: Undefined array key "APP_DEBUG" w pliku /var/www/html/app/Controllers/ErrorController.php (linia 30)
[2026-06-18 17:10:59] Błąd 500: Uncaught ErrorException: Undefined array key "APP_DEBUG" in /var/www/html/app/Controllers/ErrorController.php:30
Stack trace:
#0 /var/www/html/app/Controllers/ErrorController.php(30): App\Controllers\ErrorController->handleError(2, 'Undefined array...', '/var/www/html/a...', 30)
#1 /var/www/html/app/Controllers/ErrorController.php(44): App\Controllers\ErrorController->show(500, 'Undefined array...', '/var/www/html/a...', 30)
#2 [internal function]: App\Controllers\ErrorController->handleException(Object(ErrorException))
#3 {main}
  thrown w pliku /var/www/html/app/Controllers/ErrorController.php (linia 30)
[2026-06-18 17:11:36] Błąd 404: Strona o podanym adresie nie istnieje. w pliku  (linia 0)
[2026-06-18 17:11:36] Błąd 500: Undefined array key "APP_DEBUG" w pliku /var/www/html/app/Controllers/ErrorController.php (linia 30)
[2026-06-18 17:11:36] Błąd 500: Uncaught ErrorException: Undefined array key "APP_DEBUG" in /var/www/html/app/Controllers/ErrorController.php:30
Stack trace:
#0 /var/www/html/app/Controllers/ErrorController.php(30): App\Controllers\ErrorController->handleError(2, 'Undefined array...', '/var/www/html/a...', 30)
#1 /var/www/html/app/Controllers/ErrorController.php(44): App\Controllers\ErrorController->show(500, 'Undefined array...', '/var/www/html/a...', 30)
#2 [internal function]: App\Controllers\ErrorController->handleException(Object(ErrorException))
#3 {main}
  thrown w pliku /var/www/html/app/Controllers/ErrorController.php (linia 30)
[2026-06-18 17:11:39] Błąd 404: Strona o podanym adresie nie istnieje. w pliku  (linia 0)
[2026-06-18 17:11:39] Błąd 500: Undefined array key "APP_DEBUG" w pliku /var/www/html/app/Controllers/ErrorController.php (linia 30)
[2026-06-18 17:11:39] Błąd 500: Uncaught ErrorException: Undefined array key "APP_DEBUG" in /var/www/html/app/Controllers/ErrorController.php:30
Stack trace:
#0 /var/www/html/app/Controllers/ErrorController.php(30): App\Controllers\ErrorController->handleError(2, 'Undefined array...', '/var/www/html/a...', 30)
#1 /var/www/html/app/Controllers/ErrorController.php(44): App\Controllers\ErrorController->show(500, 'Undefined array...', '/var/www/html/a...', 30)
#2 [internal function]: App\Controllers\ErrorController->handleException(Object(ErrorException))
#3 {main}
  thrown w pliku /var/www/html/app/Controllers/ErrorController.php (linia 30)
[2026-06-18 17:11:43] Błąd 404: Strona o podanym adresie nie istnieje. w pliku  (linia 0)
[2026-06-18 17:11:43] Błąd 500: Undefined array key "APP_DEBUG" w pliku /var/www/html/app/Controllers/ErrorController.php (linia 30)
[2026-06-18 17:11:43] Błąd 500: Uncaught ErrorException: Undefined array key "APP_DEBUG" in /var/www/html/app/Controllers/ErrorController.php:30
Stack trace:
#0 /var/www/html/app/Controllers/ErrorController.php(30): App\Controllers\ErrorController->handleError(2, 'Undefined array...', '/var/www/html/a...', 30)
#1 /var/www/html/app/Controllers/ErrorController.php(44): App\Controllers\ErrorController->show(500, 'Undefined array...', '/var/www/html/a...', 30)
#2 [internal function]: App\Controllers\ErrorController->handleException(Object(ErrorException))
#3 {main}
  thrown w pliku /var/www/html/app/Controllers/ErrorController.php (linia 30)
[2026-06-18 17:11:43] Błąd 404: Strona o podanym adresie nie istnieje. w pliku  (linia 0)
[2026-06-18 17:11:43] Błąd 500: Undefined array key "APP_DEBUG" w pliku /var/www/html/app/Controllers/ErrorController.php (linia 30)
[2026-06-18 17:11:43] Błąd 500: Uncaught ErrorException: Undefined array key "APP_DEBUG" in /var/www/html/app/Controllers/ErrorController.php:30
Stack trace:
#0 /var/www/html/app/Controllers/ErrorController.php(30): App\Controllers\ErrorController->handleError(2, 'Undefined array...', '/var/www/html/a...', 30)
#1 /var/www/html/app/Controllers/ErrorController.php(44): App\Controllers\ErrorController->show(500, 'Undefined array...', '/var/www/html/a...', 30)
#2 [internal function]: App\Controllers\ErrorController->handleException(Object(ErrorException))
#3 {main}
  thrown w pliku /var/www/html/app/Controllers/ErrorController.php (linia 30)
[2026-06-18 17:11:45] Błąd 404: Strona o podanym adresie nie istnieje. w pliku  (linia 0)
[2026-06-18 17:11:45] Błąd 500: Undefined array key "APP_DEBUG" w pliku /var/www/html/app/Controllers/ErrorController.php (linia 30)
[2026-06-18 17:11:45] Błąd 500: Uncaught ErrorException: Undefined array key "APP_DEBUG" in /var/www/html/app/Controllers/ErrorController.php:30
Stack trace:
#0 /var/www/html/app/Controllers/ErrorController.php(30): App\Controllers\ErrorController->handleError(2, 'Undefined array...', '/var/www/html/a...', 30)
#1 /var/www/html/app/Controllers/ErrorController.php(44): App\Controllers\ErrorController->show(500, 'Undefined array...', '/var/www/html/a...', 30)
#2 [internal function]: App\Controllers\ErrorController->handleException(Object(ErrorException))
#3 {main}
  thrown w pliku /var/www/html/app/Controllers/ErrorController.php (linia 30)
[2026-06-18 17:13:08] Błąd 404: Strona o podanym adresie nie istnieje. w pliku  (linia 0)
[2026-06-18 17:13:08] Błąd 500: Undefined array key "APP_DEBUG" w pliku /var/www/html/app/Controllers/ErrorController.php (linia 30)
[2026-06-18 17:13:08] Błąd 500: Uncaught ErrorException: Undefined array key "APP_DEBUG" in /var/www/html/app/Controllers/ErrorController.php:30
Stack trace:
#0 /var/www/html/app/Controllers/ErrorController.php(30): App\Controllers\ErrorController->handleError(2, 'Undefined array...', '/var/www/html/a...', 30)
#1 /var/www/html/app/Controllers/ErrorController.php(44): App\Controllers\ErrorController->show(500, 'Undefined array...', '/var/www/html/a...', 30)
#2 [internal function]: App\Controllers\ErrorController->handleException(Object(ErrorException))
#3 {main}
  thrown w pliku /var/www/html/app/Controllers/ErrorController.php (linia 30)
[2026-06-18 17:13:09] Błąd 404: Strona o podanym adresie nie istnieje. w pliku  (linia 0)
[2026-06-18 17:13:09] Błąd 500: Undefined array key "APP_DEBUG" w pliku /var/www/html/app/Controllers/ErrorController.php (linia 30)
[2026-06-18 17:13:09] Błąd 500: Uncaught ErrorException: Undefined array key "APP_DEBUG" in /var/www/html/app/Controllers/ErrorController.php:30
Stack trace:
#0 /var/www/html/app/Controllers/ErrorController.php(30): App\Controllers\ErrorController->handleError(2, 'Undefined array...', '/var/www/html/a...', 30)
#1 /var/www/html/app/Controllers/ErrorController.php(44): App\Controllers\ErrorController->show(500, 'Undefined array...', '/var/www/html/a...', 30)
#2 [internal function]: App\Controllers\ErrorController->handleException(Object(ErrorException))
#3 {main}
  thrown w pliku /var/www/html/app/Controllers/ErrorController.php (linia 30)
[2026-06-18 17:13:13] Błąd 404: Strona o podanym adresie nie istnieje. w pliku  (linia 0)
[2026-06-18 17:13:13] Błąd 500: Undefined array key "APP_DEBUG" w pliku /var/www/html/app/Controllers/ErrorController.php (linia 30)
[2026-06-18 17:13:13] Błąd 500: Uncaught ErrorException: Undefined array key "APP_DEBUG" in /var/www/html/app/Controllers/ErrorController.php:30
Stack trace:
#0 /var/www/html/app/Controllers/ErrorController.php(30): App\Controllers\ErrorController->handleError(2, 'Undefined array...', '/var/www/html/a...', 30)
#1 /var/www/html/app/Controllers/ErrorController.php(44): App\Controllers\ErrorController->show(500, 'Undefined array...', '/var/www/html/a...', 30)
#2 [internal function]: App\Controllers\ErrorController->handleException(Object(ErrorException))
#3 {main}
  thrown w pliku /var/www/html/app/Controllers/ErrorController.php (linia 30)
[2026-06-18 17:13:13] Błąd 404: Strona o podanym adresie nie istnieje. w pliku  (linia 0)
[2026-06-18 17:13:13] Błąd 500: Undefined array key "APP_DEBUG" w pliku /var/www/html/app/Controllers/ErrorController.php (linia 30)
[2026-06-18 17:13:13] Błąd 500: Uncaught ErrorException: Undefined array key "APP_DEBUG" in /var/www/html/app/Controllers/ErrorController.php:30
Stack trace:
#0 /var/www/html/app/Controllers/ErrorController.php(30): App\Controllers\ErrorController->handleError(2, 'Undefined array...', '/var/www/html/a...', 30)
#1 /var/www/html/app/Controllers/ErrorController.php(44): App\Controllers\ErrorController->show(500, 'Undefined array...', '/var/www/html/a...', 30)
#2 [internal function]: App\Controllers\ErrorController->handleException(Object(ErrorException))
#3 {main}
  thrown w pliku /var/www/html/app/Controllers/ErrorController.php (linia 30)
[2026-06-18 17:13:15] Błąd 404: Strona o podanym adresie nie istnieje. w pliku  (linia 0)
[2026-06-18 17:13:15] Błąd 500: Undefined array key "APP_DEBUG" w pliku /var/www/html/app/Controllers/ErrorController.php (linia 30)
[2026-06-18 17:13:15] Błąd 500: Uncaught ErrorException: Undefined array key "APP_DEBUG" in /var/www/html/app/Controllers/ErrorController.php:30
Stack trace:
#0 /var/www/html/app/Controllers/ErrorController.php(30): App\Controllers\ErrorController->handleError(2, 'Undefined array...', '/var/www/html/a...', 30)
#1 /var/www/html/app/Controllers/ErrorController.php(44): App\Controllers\ErrorController->show(500, 'Undefined array...', '/var/www/html/a...', 30)
#2 [internal function]: App\Controllers\ErrorController->handleException(Object(ErrorException))
#3 {main}
  thrown w pliku /var/www/html/app/Controllers/ErrorController.php (linia 30)
[2026-06-18 17:13:22] Błąd 404: Strona o podanym adresie nie istnieje. w pliku  (linia 0)
[2026-06-18 17:13:22] Błąd 500: Undefined array key "APP_DEBUG" w pliku /var/www/html/app/Controllers/ErrorController.php (linia 30)
[2026-06-18 17:13:22] Błąd 500: Uncaught ErrorException: Undefined array key "APP_DEBUG" in /var/www/html/app/Controllers/ErrorController.php:30
Stack trace:
#0 /var/www/html/app/Controllers/ErrorController.php(30): App\Controllers\ErrorController->handleError(2, 'Undefined array...', '/var/www/html/a...', 30)
#1 /var/www/html/app/Controllers/ErrorController.php(44): App\Controllers\ErrorController->show(500, 'Undefined array...', '/var/www/html/a...', 30)
#2 [internal function]: App\Controllers\ErrorController->handleException(Object(ErrorException))
#3 {main}
  thrown w pliku /var/www/html/app/Controllers/ErrorController.php (linia 30)
[2026-06-18 17:13:22] Błąd 404: Strona o podanym adresie nie istnieje. w pliku  (linia 0)
[2026-06-18 17:13:22] Błąd 500: Undefined array key "APP_DEBUG" w pliku /var/www/html/app/Controllers/ErrorController.php (linia 30)
[2026-06-18 17:13:22] Błąd 500: Uncaught ErrorException: Undefined array key "APP_DEBUG" in /var/www/html/app/Controllers/ErrorController.php:30
Stack trace:
#0 /var/www/html/app/Controllers/ErrorController.php(30): App\Controllers\ErrorController->handleError(2, 'Undefined array...', '/var/www/html/a...', 30)
#1 /var/www/html/app/Controllers/ErrorController.php(44): App\Controllers\ErrorController->show(500, 'Undefined array...', '/var/www/html/a...', 30)
#2 [internal function]: App\Controllers\ErrorController->handleException(Object(ErrorException))
#3 {main}
  thrown w pliku /var/www/html/app/Controllers/ErrorController.php (linia 30)
[2026-06-18 17:13:24] Błąd 404: Strona o podanym adresie nie istnieje. w pliku  (linia 0)
[2026-06-18 17:13:24] Błąd 500: Undefined array key "APP_DEBUG" w pliku /var/www/html/app/Controllers/ErrorController.php (linia 30)
[2026-06-18 17:13:24] Błąd 500: Uncaught ErrorException: Undefined array key "APP_DEBUG" in /var/www/html/app/Controllers/ErrorController.php:30
Stack trace:
#0 /var/www/html/app/Controllers/ErrorController.php(30): App\Controllers\ErrorController->handleError(2, 'Undefined array...', '/var/www/html/a...', 30)
#1 /var/www/html/app/Controllers/ErrorController.php(44): App\Controllers\ErrorController->show(500, 'Undefined array...', '/var/www/html/a...', 30)
#2 [internal function]: App\Controllers\ErrorController->handleException(Object(ErrorException))
#3 {main}
  thrown w pliku /var/www/html/app/Controllers/ErrorController.php (linia 30)
[2026-06-18 17:13:35] Błąd 404: Strona o podanym adresie nie istnieje. w pliku  (linia 0)
[2026-06-18 17:13:35] Błąd 500: Undefined array key "APP_DEBUG" w pliku /var/www/html/app/Controllers/ErrorController.php (linia 30)
[2026-06-18 17:13:35] Błąd 500: Uncaught ErrorException: Undefined array key "APP_DEBUG" in /var/www/html/app/Controllers/ErrorController.php:30
Stack trace:
#0 /var/www/html/app/Controllers/ErrorController.php(30): App\Controllers\ErrorController->handleError(2, 'Undefined array...', '/var/www/html/a...', 30)
#1 /var/www/html/app/Controllers/ErrorController.php(44): App\Controllers\ErrorController->show(500, 'Undefined array...', '/var/www/html/a...', 30)
#2 [internal function]: App\Controllers\ErrorController->handleException(Object(ErrorException))
#3 {main}
  thrown w pliku /var/www/html/app/Controllers/ErrorController.php (linia 30)
[2026-06-18 17:13:41] Błąd 404: Strona o podanym adresie nie istnieje. w pliku  (linia 0)
[2026-06-18 17:13:41] Błąd 500: Undefined array key "APP_DEBUG" w pliku /var/www/html/app/Controllers/ErrorController.php (linia 30)
[2026-06-18 17:13:41] Błąd 500: Uncaught ErrorException: Undefined array key "APP_DEBUG" in /var/www/html/app/Controllers/ErrorController.php:30
Stack trace:
#0 /var/www/html/app/Controllers/ErrorController.php(30): App\Controllers\ErrorController->handleError(2, 'Undefined array...', '/var/www/html/a...', 30)
#1 /var/www/html/app/Controllers/ErrorController.php(44): App\Controllers\ErrorController->show(500, 'Undefined array...', '/var/www/html/a...', 30)
#2 [internal function]: App\Controllers\ErrorController->handleException(Object(ErrorException))
#3 {main}
  thrown w pliku /var/www/html/app/Controllers/ErrorController.php (linia 30)
[2026-06-18 17:13:41] Błąd 404: Strona o podanym adresie nie istnieje. w pliku  (linia 0)
[2026-06-18 17:13:41] Błąd 500: Undefined array key "APP_DEBUG" w pliku /var/www/html/app/Controllers/ErrorController.php (linia 30)
[2026-06-18 17:13:41] Błąd 500: Uncaught ErrorException: Undefined array key "APP_DEBUG" in /var/www/html/app/Controllers/ErrorController.php:30
Stack trace:
#0 /var/www/html/app/Controllers/ErrorController.php(30): App\Controllers\ErrorController->handleError(2, 'Undefined array...', '/var/www/html/a...', 30)
#1 /var/www/html/app/Controllers/ErrorController.php(44): App\Controllers\ErrorController->show(500, 'Undefined array...', '/var/www/html/a...', 30)
#2 [internal function]: App\Controllers\ErrorController->handleException(Object(ErrorException))
#3 {main}
  thrown w pliku /var/www/html/app/Controllers/ErrorController.php (linia 30)
[2026-06-18 17:15:01] Błąd 404: Strona o podanym adresie nie istnieje. w pliku  (linia 0)
[2026-06-18 17:15:01] Błąd 404: Strona o podanym adresie nie istnieje. w pliku  (linia 0)
[2026-06-18 17:16:04] Błąd 404: Strona o podanym adresie nie istnieje. w pliku  (linia 0)
[2026-06-18 17:16:04] Błąd 404: Strona o podanym adresie nie istnieje. w pliku  (linia 0)
[2026-06-18 17:16:17] Błąd 404: Strona o podanym adresie nie istnieje. w pliku  (linia 0)
[2026-06-18 17:16:22] Błąd 404: Strona o podanym adresie nie istnieje. w pliku  (linia 0)
[2026-06-18 17:16:26] Błąd 404: Strona o podanym adresie nie istnieje. w pliku  (linia 0)
[2026-06-18 17:24:43] Błąd 403: Forbidden w pliku  (linia 0)
[2026-06-18 17:36:37] Błąd 500: syntax error, unexpected token "." w /var/www/html/app/Controllers/AuthController.php:169
[2026-06-18 17:36:52] Błąd 500: syntax error, unexpected token "." w /var/www/html/app/Controllers/AuthController.php:169
[2026-06-18 17:36:53] Błąd 500: syntax error, unexpected token "." w /var/www/html/app/Controllers/AuthController.php:169
[2026-06-18 17:36:59] Błąd 500: syntax error, unexpected token "." w /var/www/html/app/Controllers/AuthController.php:169
[2026-06-18 17:36:59] Błąd 500: syntax error, unexpected token "." w /var/www/html/app/Controllers/AuthController.php:169
[2026-06-18 17:37:47] Błąd 500: syntax error, unexpected token "." w /var/www/html/app/Controllers/AuthController.php:169
[2026-06-18 17:37:49] Błąd 500: syntax error, unexpected token "." w /var/www/html/app/Controllers/AuthController.php:169
[2026-06-18 17:37:52] Błąd 500: syntax error, unexpected token "." w /var/www/html/app/Controllers/AuthController.php:169
[2026-06-18 17:37:52] Błąd 500: syntax error, unexpected token "." w /var/www/html/app/Controllers/AuthController.php:169
[2026-06-18 17:37:52] Błąd 500: syntax error, unexpected token "." w /var/www/html/app/Controllers/AuthController.php:169
[2026-06-18 17:38:33] Błąd 500: syntax error, unexpected token "." w /var/www/html/app/Controllers/AuthController.php:169
[2026-06-18 17:38:35] Błąd 500: syntax error, unexpected token "." w /var/www/html/app/Controllers/AuthController.php:169
[2026-06-18 17:38:43] Błąd 500: syntax error, unexpected token "." w /var/www/html/app/Controllers/AuthController.php:169
[2026-06-18 17:38:51] Błąd 500: syntax error, unexpected token "." w /var/www/html/app/Controllers/AuthController.php:169
[2026-06-18 17:38:52] Błąd 500: syntax error, unexpected token "." w /var/www/html/app/Controllers/AuthController.php:169
[2026-06-18 17:38:52] Błąd 500: syntax error, unexpected token "." w /var/www/html/app/Controllers/AuthController.php:169
[2026-06-18 17:38:52] Błąd 500: syntax error, unexpected token "." w /var/www/html/app/Controllers/AuthController.php:169
[2026-06-18 17:38:53] Błąd 500: syntax error, unexpected token "." w /var/www/html/app/Controllers/AuthController.php:169
[2026-06-18 17:38:54] Błąd 500: syntax error, unexpected token "." w /var/www/html/app/Controllers/AuthController.php:169
[2026-06-18 17:38:55] Błąd 500: syntax error, unexpected token "." w /var/www/html/app/Controllers/AuthController.php:169
[2026-06-18 17:38:56] Błąd 500: syntax error, unexpected token "." w /var/www/html/app/Controllers/AuthController.php:169
[2026-06-18 17:38:56] Błąd 500: syntax error, unexpected token "." w /var/www/html/app/Controllers/AuthController.php:169
[2026-06-18 17:38:57] Błąd 500: syntax error, unexpected token "." w /var/www/html/app/Controllers/AuthController.php:169
[2026-06-18 17:38:57] Błąd 500: syntax error, unexpected token "." w /var/www/html/app/Controllers/AuthController.php:169
[2026-06-18 17:38:57] Błąd 500: syntax error, unexpected token "." w /var/www/html/app/Controllers/AuthController.php:169
[2026-06-18 17:38:58] Błąd 500: syntax error, unexpected token "." w /var/www/html/app/Controllers/AuthController.php:169
[2026-06-18 17:38:58] Błąd 500: syntax error, unexpected token "." w /var/www/html/app/Controllers/AuthController.php:169
[2026-06-18 17:39:01] Błąd 500: syntax error, unexpected token "." w /var/www/html/app/Controllers/AuthController.php:169
[2026-06-18 17:39:04] Błąd 500: syntax error, unexpected token "." w /var/www/html/app/Controllers/AuthController.php:169
[2026-06-18 17:39:07] Błąd 500: syntax error, unexpected token "." w /var/www/html/app/Controllers/AuthController.php:169
[2026-06-18 17:39:10] Błąd 500: syntax error, unexpected token "." w /var/www/html/app/Controllers/AuthController.php:169
[2026-06-18 17:39:13] Błąd 500: syntax error, unexpected token "." w /var/www/html/app/Controllers/AuthController.php:169
[2026-06-18 17:39:16] Błąd 500: syntax error, unexpected token "." w /var/www/html/app/Controllers/AuthController.php:169
[2026-06-18 17:39:19] Błąd 500: syntax error, unexpected token "." w /var/www/html/app/Controllers/AuthController.php:169
[2026-06-18 17:39:22] Błąd 500: syntax error, unexpected token "." w /var/www/html/app/Controllers/AuthController.php:169
[2026-06-18 17:39:26] Błąd 500: syntax error, unexpected token "." w /var/www/html/app/Controllers/AuthController.php:169
[2026-06-18 17:39:29] Błąd 500: syntax error, unexpected token "." w /var/www/html/app/Controllers/AuthController.php:169
[2026-06-18 17:39:32] Błąd 500: syntax error, unexpected token "." w /var/www/html/app/Controllers/AuthController.php:169
[2026-06-18 17:39:35] Błąd 500: syntax error, unexpected token "." w /var/www/html/app/Controllers/AuthController.php:169
[2026-06-18 17:39:38] Błąd 500: syntax error, unexpected token "." w /var/www/html/app/Controllers/AuthController.php:169
[2026-06-18 17:39:41] Błąd 500: syntax error, unexpected token "." w /var/www/html/app/Controllers/AuthController.php:169
[2026-06-18 17:39:44] Błąd 500: syntax error, unexpected token "." w /var/www/html/app/Controllers/AuthController.php:169
[2026-06-18 17:39:47] Błąd 500: syntax error, unexpected token "." w /var/www/html/app/Controllers/AuthController.php:169
[2026-06-18 17:39:50] Błąd 500: syntax error, unexpected token "." w /var/www/html/app/Controllers/AuthController.php:169
[2026-06-18 17:39:52] Błąd 500: syntax error, unexpected token "." w /var/www/html/app/Controllers/AuthController.php:169
[2026-06-18 17:39:53] Błąd 500: syntax error, unexpected token "." w /var/www/html/app/Controllers/AuthController.php:169
[2026-06-18 17:39:56] Błąd 500: syntax error, unexpected token "." w /var/www/html/app/Controllers/AuthController.php:169
[2026-06-18 17:39:59] Błąd 500: syntax error, unexpected token "." w /var/www/html/app/Controllers/AuthController.php:169
[2026-06-18 17:40:02] Błąd 500: syntax error, unexpected token "." w /var/www/html/app/Controllers/AuthController.php:169
[2026-06-18 17:40:05] Błąd 500: syntax error, unexpected token "." w /var/www/html/app/Controllers/AuthController.php:169
[2026-06-18 17:40:08] Błąd 500: syntax error, unexpected token "." w /var/www/html/app/Controllers/AuthController.php:169
[2026-06-18 17:40:11] Błąd 500: syntax error, unexpected token "." w /var/www/html/app/Controllers/AuthController.php:169
[2026-06-18 17:40:14] Błąd 500: syntax error, unexpected token "." w /var/www/html/app/Controllers/AuthController.php:169
[2026-06-18 17:40:17] Błąd 500: syntax error, unexpected token "." w /var/www/html/app/Controllers/AuthController.php:169
[2026-06-18 17:40:20] Błąd 500: syntax error, unexpected token "." w /var/www/html/app/Controllers/AuthController.php:169
[2026-06-18 17:40:52] Błąd 500: syntax error, unexpected token "." w /var/www/html/app/Controllers/AuthController.php:169
[2026-06-18 17:40:52] Błąd 500: syntax error, unexpected token "." w /var/www/html/app/Controllers/AuthController.php:169
[2026-06-18 17:41:52] Błąd 500: syntax error, unexpected token "." w /var/www/html/app/Controllers/AuthController.php:169
[2026-06-18 17:41:52] Błąd 500: syntax error, unexpected token "." w /var/www/html/app/Controllers/AuthController.php:169
[2026-06-18 17:42:52] Błąd 500: syntax error, unexpected token "." w /var/www/html/app/Controllers/AuthController.php:169
[2026-06-18 17:42:52] Błąd 500: syntax error, unexpected token "." w /var/www/html/app/Controllers/AuthController.php:169
[2026-06-18 17:42:54] Błąd 500: syntax error, unexpected token "." w /var/www/html/app/Controllers/AuthController.php:169
[2026-06-18 17:42:56] Błąd 500: syntax error, unexpected token "." w /var/www/html/app/Controllers/AuthController.php:169
[2026-06-18 17:42:57] Błąd 500: syntax error, unexpected token "." w /var/www/html/app/Controllers/AuthController.php:169
[2026-06-18 17:43:01] Błąd 500: syntax error, unexpected token "." w /var/www/html/app/Controllers/AuthController.php:169
[2026-06-18 17:43:03] Błąd 500: syntax error, unexpected token "." w /var/www/html/app/Controllers/AuthController.php:169
[2026-06-18 17:43:03] Błąd 500: syntax error, unexpected token "." w /var/www/html/app/Controllers/AuthController.php:169
[2026-06-18 17:43:04] Błąd 500: syntax error, unexpected token "." w /var/www/html/app/Controllers/AuthController.php:169
[2026-06-18 17:43:04] Błąd 500: syntax error, unexpected token "." w /var/www/html/app/Controllers/AuthController.php:169
[2026-06-18 17:43:05] Błąd 500: syntax error, unexpected token "." w /var/www/html/app/Controllers/AuthController.php:169
[2026-06-18 17:43:05] Błąd 500: syntax error, unexpected token "." w /var/www/html/app/Controllers/AuthController.php:169
[2026-06-18 17:43:06] Błąd 500: syntax error, unexpected token "." w /var/www/html/app/Controllers/AuthController.php:169
[2026-06-18 17:43:10] Błąd 500: syntax error, unexpected token "." w /var/www/html/app/Controllers/AuthController.php:169
[2026-06-18 17:43:29] Błąd 500: syntax error, unexpected token "." w /var/www/html/app/Controllers/AuthController.php:169
[2026-06-18 17:43:30] Błąd 500: syntax error, unexpected token "." w /var/www/html/app/Controllers/AuthController.php:169
[2026-06-18 17:43:31] Błąd 500: syntax error, unexpected token "." w /var/www/html/app/Controllers/AuthController.php:169
[2026-06-18 17:43:41] Błąd 500: syntax error, unexpected token "." w /var/www/html/app/Controllers/AuthController.php:169
[2026-06-18 17:43:42] Błąd 500: syntax error, unexpected token "." w /var/www/html/app/Controllers/AuthController.php:169
[2026-06-18 17:43:46] Błąd 500: syntax error, unexpected token "." w /var/www/html/app/Controllers/AuthController.php:169
[2026-06-18 17:43:48] Błąd 500: syntax error, unexpected token "." w /var/www/html/app/Controllers/AuthController.php:169
[2026-06-18 17:43:49] Błąd 500: syntax error, unexpected token "." w /var/www/html/app/Controllers/AuthController.php:169
[2026-06-18 17:43:52] Błąd 500: syntax error, unexpected token "." w /var/www/html/app/Controllers/AuthController.php:169
[2026-06-18 17:43:52] Błąd 500: syntax error, unexpected token "." w /var/www/html/app/Controllers/AuthController.php:169
[2026-06-18 17:44:47] Błąd 500: syntax error, unexpected token "." w /var/www/html/app/Controllers/AuthController.php:169
[2026-06-18 17:44:49] Błąd 500: syntax error, unexpected token "." w /var/www/html/app/Controllers/AuthController.php:169
[2026-06-18 17:44:52] Błąd 500: syntax error, unexpected token "." w /var/www/html/app/Controllers/AuthController.php:169
[2026-06-18 17:44:55] Błąd 500: syntax error, unexpected token "." w /var/www/html/app/Controllers/AuthController.php:169
[2026-06-18 17:44:58] Błąd 500: syntax error, unexpected token "." w /var/www/html/app/Controllers/AuthController.php:169
[2026-06-18 17:45:01] Błąd 500: syntax error, unexpected token "." w /var/www/html/app/Controllers/AuthController.php:169
[2026-06-18 17:45:04] Błąd 500: syntax error, unexpected token "." w /var/www/html/app/Controllers/AuthController.php:169
[2026-06-18 17:45:07] Błąd 500: syntax error, unexpected token "." w /var/www/html/app/Controllers/AuthController.php:169
[2026-06-18 17:45:10] Błąd 500: syntax error, unexpected token "." w /var/www/html/app/Controllers/AuthController.php:169
[2026-06-18 17:45:13] Błąd 500: syntax error, unexpected token "." w /var/www/html/app/Controllers/AuthController.php:169
[2026-06-18 17:45:16] Błąd 500: syntax error, unexpected token "." w /var/www/html/app/Controllers/AuthController.php:169
[2026-06-18 17:45:19] Błąd 500: syntax error, unexpected token "." w /var/www/html/app/Controllers/AuthController.php:169
[2026-06-18 17:45:22] Błąd 500: syntax error, unexpected token "." w /var/www/html/app/Controllers/AuthController.php:169
[2026-06-18 17:45:25] Błąd 500: syntax error, unexpected token "." w /var/www/html/app/Controllers/AuthController.php:169
[2026-06-18 17:45:28] Błąd 500: syntax error, unexpected token "." w /var/www/html/app/Controllers/AuthController.php:169
[2026-06-18 17:45:31] Błąd 500: syntax error, unexpected token "." w /var/www/html/app/Controllers/AuthController.php:169
[2026-06-18 17:45:34] Błąd 500: syntax error, unexpected token "." w /var/www/html/app/Controllers/AuthController.php:169
[2026-06-18 17:45:37] Błąd 500: syntax error, unexpected token "." w /var/www/html/app/Controllers/AuthController.php:169
[2026-06-18 17:45:40] Błąd 500: syntax error, unexpected token "." w /var/www/html/app/Controllers/AuthController.php:169
[2026-06-18 17:45:43] Błąd 500: syntax error, unexpected token "." w /var/www/html/app/Controllers/AuthController.php:169
[2026-06-18 17:45:46] Błąd 500: syntax error, unexpected token "." w /var/www/html/app/Controllers/AuthController.php:169
[2026-06-18 17:45:52] Błąd 500: syntax error, unexpected token "." w /var/www/html/app/Controllers/AuthController.php:169
[2026-06-18 17:46:52] Błąd 500: syntax error, unexpected token "." w /var/www/html/app/Controllers/AuthController.php:169
[2026-06-18 17:47:52] Błąd 500: syntax error, unexpected token "." w /var/www/html/app/Controllers/AuthController.php:169
[2026-06-18 17:48:52] Błąd 500: syntax error, unexpected token "." w /var/www/html/app/Controllers/AuthController.php:169
[2026-06-18 17:49:52] Błąd 500: syntax error, unexpected token "." w /var/www/html/app/Controllers/AuthController.php:169
[2026-06-18 17:50:52] Błąd 500: syntax error, unexpected token "." w /var/www/html/app/Controllers/AuthController.php:169
[2026-06-18 17:51:52] Błąd 500: syntax error, unexpected token "." w /var/www/html/app/Controllers/AuthController.php:169
[2026-06-18 17:52:52] Błąd 500: syntax error, unexpected token "." w /var/www/html/app/Controllers/AuthController.php:169
[2026-06-18 17:53:52] Błąd 500: syntax error, unexpected token "." w /var/www/html/app/Controllers/AuthController.php:169
[2026-06-18 17:54:52] Błąd 500: syntax error, unexpected token "." w /var/www/html/app/Controllers/AuthController.php:169
[2026-06-18 17:55:52] Błąd 500: syntax error, unexpected token "." w /var/www/html/app/Controllers/AuthController.php:169
[2026-06-18 17:56:52] Błąd 500: syntax error, unexpected token "." w /var/www/html/app/Controllers/AuthController.php:169
[2026-06-18 17:57:52] Błąd 500: syntax error, unexpected token "." w /var/www/html/app/Controllers/AuthController.php:169
[2026-06-18 17:58:52] Błąd 500: syntax error, unexpected token "." w /var/www/html/app/Controllers/AuthController.php:169
[2026-06-18 17:59:52] Błąd 500: syntax error, unexpected token "." w /var/www/html/app/Controllers/AuthController.php:169
[2026-06-18 18:00:52] Błąd 500: syntax error, unexpected token "." w /var/www/html/app/Controllers/AuthController.php:169
[2026-06-18 18:01:52] Błąd 500: syntax error, unexpected token "." w /var/www/html/app/Controllers/AuthController.php:169
[2026-06-18 18:02:52] Błąd 500: syntax error, unexpected token "." w /var/www/html/app/Controllers/AuthController.php:169
[2026-06-18 18:03:52] Błąd 500: syntax error, unexpected token "." w /var/www/html/app/Controllers/AuthController.php:169
[2026-06-18 18:04:52] Błąd 500: syntax error, unexpected token "." w /var/www/html/app/Controllers/AuthController.php:169
[2026-06-18 18:05:52] Błąd 500: syntax error, unexpected token "." w /var/www/html/app/Controllers/AuthController.php:169
[2026-06-18 18:06:09] Błąd 500: syntax error, unexpected token "." w /var/www/html/app/Controllers/AuthController.php:169
[2026-06-18 18:06:52] Błąd 500: syntax error, unexpected token "." w /var/www/html/app/Controllers/AuthController.php:169
[2026-06-18 18:07:52] Błąd 500: syntax error, unexpected token "." w /var/www/html/app/Controllers/AuthController.php:169
[2026-06-18 18:08:52] Błąd 500: syntax error, unexpected token "." w /var/www/html/app/Controllers/AuthController.php:169
[2026-06-18 18:09:52] Błąd 500: syntax error, unexpected token "." w /var/www/html/app/Controllers/AuthController.php:169
[2026-06-18 18:10:52] Błąd 500: syntax error, unexpected token "." w /var/www/html/app/Controllers/AuthController.php:169
[2026-06-18 18:11:52] Błąd 500: syntax error, unexpected token "." w /var/www/html/app/Controllers/AuthController.php:169
[2026-06-18 18:12:52] Błąd 500: syntax error, unexpected token "." w /var/www/html/app/Controllers/AuthController.php:169
[2026-06-18 18:13:52] Błąd 500: syntax error, unexpected token "." w /var/www/html/app/Controllers/AuthController.php:169
[2026-06-18 18:14:52] Błąd 500: syntax error, unexpected token "." w /var/www/html/app/Controllers/AuthController.php:169
[2026-06-18 18:15:52] Błąd 500: syntax error, unexpected token "." w /var/www/html/app/Controllers/AuthController.php:169
[2026-06-18 18:16:43] Błąd 500: syntax error, unexpected token "." w /var/www/html/app/Controllers/AuthController.php:169
[2026-06-18 18:16:52] Błąd 500: syntax error, unexpected token "." w /var/www/html/app/Controllers/AuthController.php:169
[2026-06-18 18:17:52] Błąd 500: syntax error, unexpected token "." w /var/www/html/app/Controllers/AuthController.php:169
[2026-06-18 18:18:52] Błąd 500: syntax error, unexpected token "." w /var/www/html/app/Controllers/AuthController.php:169
[2026-06-18 18:19:52] Błąd 500: syntax error, unexpected token "." w /var/www/html/app/Controllers/AuthController.php:169
[2026-06-18 18:20:52] Błąd 500: syntax error, unexpected token "." w /var/www/html/app/Controllers/AuthController.php:169
[2026-06-18 18:21:52] Błąd 500: syntax error, unexpected token "." w /var/www/html/app/Controllers/AuthController.php:169
[2026-06-18 18:22:52] Błąd 500: syntax error, unexpected token "." w /var/www/html/app/Controllers/AuthController.php:169
[2026-06-18 18:23:52] Błąd 500: syntax error, unexpected token "." w /var/www/html/app/Controllers/AuthController.php:169
[2026-06-18 18:24:52] Błąd 500: syntax error, unexpected token "." w /var/www/html/app/Controllers/AuthController.php:169
[2026-06-18 18:25:52] Błąd 500: syntax error, unexpected token "." w /var/www/html/app/Controllers/AuthController.php:169
[2026-06-18 18:26:52] Błąd 500: syntax error, unexpected token "." w /var/www/html/app/Controllers/AuthController.php:169
[2026-06-18 18:27:52] Błąd 500: syntax error, unexpected token "." w /var/www/html/app/Controllers/AuthController.php:169
[2026-06-18 18:28:52] Błąd 500: syntax error, unexpected token "." w /var/www/html/app/Controllers/AuthController.php:169
[2026-06-18 18:29:52] Błąd 500: syntax error, unexpected token "." w /var/www/html/app/Controllers/AuthController.php:169
[2026-06-18 18:30:52] Błąd 500: syntax error, unexpected token "." w /var/www/html/app/Controllers/AuthController.php:169
[2026-06-18 18:31:52] Błąd 500: syntax error, unexpected token "." w /var/www/html/app/Controllers/AuthController.php:169
[2026-06-18 18:32:52] Błąd 500: syntax error, unexpected token "." w /var/www/html/app/Controllers/AuthController.php:169
[2026-06-18 18:33:52] Błąd 500: syntax error, unexpected token "." w /var/www/html/app/Controllers/AuthController.php:169
[2026-06-19 06:00:58] Błąd 404: Not Found w :0
